<?xml version="1.0" encoding="UTF-8"?>
<testsuite xmlns:xsi="http://www.w3.org/2001/XMLSchema-instance" xsi:noNamespaceSchemaLocation="https://maven.apache.org/surefire/maven-surefire-plugin/xsd/surefire-test-report-3.0.xsd" version="3.0" name="User Management on Dashboard" time="25.218" tests="1" errors="0" skipped="0" failures="0">
  <properties>
[...]
</properties>
  <testcase name="Edit user details and update the first name" classname="User Management on Dashboard" time="25.218">
    <system-out><![CDATA[Mar 25, 2025 1:04:50 ÖÖ net.masterthought.cucumber.ReportParser parseJsonFiles
INFO: File 'C:\Users\user1\AppData\Local\Temp\cucumber6054967400473268960.json' contains 1 features


@smoke @regression @wip
Scenario: Edit user details and update the first name                                    &amp#27;[90m# src/test/resources/features/userManagement.feature:4&amp#27;[0m
  &amp#27;[32mGiven &amp#27;[0m&amp#27;[32mUser logged into the admin panel&amp#27;[0m                                                 &amp#27;[90m# com.step_definitions.UserManagementSteps.user_logged_into_the_admin_panel()&amp#27;[0m
  &amp#27;[32mWhen &amp#27;[0m&amp#27;[32mUser should see the welcome message &amp#27;[0m&amp#27;[32m&amp#27;[1m"Welcome to your dashboard."&amp#27;[0m&amp#27;[32m on the dashboard&amp#27;[0m &amp#27;[90m# com.step_definitions.UserManagementSteps.userShouldSeeTheWelcomeMessageOnTheDashboard(java.lang.String)&amp#27;[0m
  &amp#27;[32mAnd &amp#27;[0m&amp#27;[32mUser open the user details of the first user &amp#27;[0m&amp#27;[32m&amp#27;[1m"max.mustermann@helloagain.at"&amp#27;[0m        &amp#27;[90m# com.step_definitions.UserManagementSteps.user_open_the_user_details_of_the_first_user(java.lang.String)&amp#27;[0m
  &amp#27;[32mAnd &amp#27;[0m&amp#27;[32mUser click on the &amp#27;[0m&amp#27;[32m&amp#27;[1m"Edit"&amp#27;[0m&amp#27;[32m button&amp#27;[0m                                                    &amp#27;[90m# com.step_definitions.UserManagementSteps.user_click_on_the_button(java.lang.String)&amp#27;[0m
  &amp#27;[32mAnd &amp#27;[0m&amp#27;[32mUser change the first name to &amp#27;[0m&amp#27;[32m&amp#27;[1m"Maximilian"&amp#27;[0m                                         &amp#27;[90m# com.step_definitions.UserManagementSteps.user_change_the_first_name_to(java.lang.String)&amp#27;[0m
  &amp#27;[32mAnd &amp#27;[0m&amp#27;[32mUser click on the &amp#27;[0m&amp#27;[32m&amp#27;[1m"Save"&amp#27;[0m&amp#27;[32m button&amp#27;[0m                                                    &amp#27;[90m# com.step_definitions.UserManagementSteps.user_click_on_the_button(java.lang.String)&amp#27;[0m
  &amp#27;[32mThen &amp#27;[0m&amp#27;[32mThe user's full name should be &amp#27;[0m&amp#27;[32m&amp#27;[1m"Maximilian Mustermann"&amp#27;[0m                            &amp#27;[90m# com.step_definitions.UserManagementSteps.the_user_s_full_name_should_be(java.lang.String)&amp#27;[0m

]]></system-out>
    <system-err><![CDATA[SLF4J(W): No SLF4J providers were found.
SLF4J(W): Defaulting to no-operation (NOP) logger implementation
SLF4J(W): See https://www.slf4j.org/codes.html#noProviders for further details.
Starting ChromeDriver 134.0.6998.165 (fd886e2cb29dd984c13deec032832dee68d8abe3-refs/branch-heads/6998@{#2122}) on port 5100
Only local connections are allowed.
Please see https://chromedriver.chromium.org/security-considerations for suggestions on keeping ChromeDriver safe.
ChromeDriver was started successfully on port 5100.
Mar 25, 2025 1:04:28 ÖÖ org.openqa.selenium.remote.ProtocolHandshake createSession
INFO: Detected dialect: W3C
]]></system-err>
  </testcase>
</testsuite>